[debug] [2021-10-06T22:46:57.762Z] ----------------------------------------------------------------------
[debug] [2021-10-06T22:46:57.765Z] Command:       /home/agu/.nvm/versions/node/v10.23.0/bin/node /home/agu/.nvm/versions/node/v10.23.0/bin/firebase init
[debug] [2021-10-06T22:46:57.765Z] CLI Version:   9.19.0
[debug] [2021-10-06T22:46:57.766Z] Platform:      linux
[debug] [2021-10-06T22:46:57.766Z] Node Version:  v10.23.0
[debug] [2021-10-06T22:46:57.766Z] Time:          Wed Oct 06 2021 23:46:57 GMT+0100 (West Africa Standard Time)
[debug] [2021-10-06T22:46:57.766Z] ----------------------------------------------------------------------
[debug] 
[debug] [2021-10-06T22:46:57.775Z] > command requires scopes: ["email","openid","https://www.googleapis.com/auth/cloudplatformprojects.readonly","https://www.googleapis.com/auth/firebase","https://www.googleapis.com/auth/cloud-platform"]
[debug] [2021-10-06T22:46:57.775Z] > authorizing via signed-in user (agusmart94@gmail.com)
[info] 
     ######## #### ########  ######## ########     ###     ######  ########
     ##        ##  ##     ## ##       ##     ##  ##   ##  ##       ##
     ######    ##  ########  ######   ########  #########  ######  ######
     ##        ##  ##    ##  ##       ##     ## ##     ##       ## ##
     ##       #### ##     ## ######## ########  ##     ##  ######  ########

You're about to initialize a Firebase project in this directory:

  /var/www/html/_React_App/form-validation-app

Before we get started, keep in mind:

  * You are currently outside your home directory

[info] 
=== Project Setup
[info] 
[info] First, let's associate this project directory with a Firebase project.
[info] You can create multiple project aliases by running firebase use --add, 
[info] but for now we'll just set up a default project.
[info] 
[debug] [2021-10-06T22:47:25.102Z] > refreshing access token with scopes: []
[debug] [2021-10-06T22:47:25.103Z] >>> HTTP REQUEST POST https://www.googleapis.com/oauth2/v3/token  
 <request body omitted>
[debug] [2021-10-06T22:47:25.528Z] <<< HTTP RESPONSE 200 {"pragma":"no-cache","cache-control":"no-cache, no-store, max-age=0, must-revalidate","date":"Wed, 06 Oct 2021 22:47:25 GMT","expires":"Mon, 01 Jan 1990 00:00:00 GMT","content-type":"application/json; charset=utf-8","vary":"X-Origin, Referer, Origin,Accept-Encoding","server":"scaffolding on HTTPServer2","x-xss-protection":"0","x-frame-options":"SAMEORIGIN","x-content-type-options":"nosniff","alt-svc":"h3=\":443\"; ma=2592000,h3-29=\":443\"; ma=2592000,h3-T051=\":443\"; ma=2592000,h3-Q050=\":443\"; ma=2592000,h3-Q046=\":443\"; ma=2592000,h3-Q043=\":443\"; ma=2592000,quic=\":443\"; ma=2592000; v=\"46,43\"","accept-ranges":"none","transfer-encoding":"chunked"}
[debug] [2021-10-06T22:47:25.549Z] >>> [apiv2][query] GET https://firebase.googleapis.com/v1beta1/projects pageSize=100
[debug] [2021-10-06T22:47:26.360Z] <<< [apiv2][status] GET https://firebase.googleapis.com/v1beta1/projects 200
[debug] [2021-10-06T22:47:26.361Z] <<< [apiv2][body] GET https://firebase.googleapis.com/v1beta1/projects [omitted]
[debug] [2021-10-06T22:48:01.352Z] ----------------------------------------------------------------------
[debug] [2021-10-06T22:48:01.355Z] Command:       /home/agu/.nvm/versions/node/v10.23.0/bin/node /home/agu/.nvm/versions/node/v10.23.0/bin/firebase init
[debug] [2021-10-06T22:48:01.355Z] CLI Version:   9.19.0
[debug] [2021-10-06T22:48:01.355Z] Platform:      linux
[debug] [2021-10-06T22:48:01.355Z] Node Version:  v10.23.0
[debug] [2021-10-06T22:48:01.356Z] Time:          Wed Oct 06 2021 23:48:01 GMT+0100 (West Africa Standard Time)
[debug] [2021-10-06T22:48:01.356Z] ----------------------------------------------------------------------
[debug] 
[debug] [2021-10-06T22:48:01.364Z] > command requires scopes: ["email","openid","https://www.googleapis.com/auth/cloudplatformprojects.readonly","https://www.googleapis.com/auth/firebase","https://www.googleapis.com/auth/cloud-platform"]
[debug] [2021-10-06T22:48:01.365Z] > authorizing via signed-in user (agusmart94@gmail.com)
[info] 
     ######## #### ########  ######## ########     ###     ######  ########
     ##        ##  ##     ## ##       ##     ##  ##   ##  ##       ##
     ######    ##  ########  ######   ########  #########  ######  ######
     ##        ##  ##    ##  ##       ##     ## ##     ##       ## ##
     ##       #### ##     ## ######## ########  ##     ##  ######  ########

You're about to initialize a Firebase project in this directory:

  /var/www/html/_React_App/form-validation-app

Before we get started, keep in mind:

  * You are currently outside your home directory

[info] 
=== Project Setup
[info] 
[info] First, let's associate this project directory with a Firebase project.
[info] You can create multiple project aliases by running firebase use --add, 
[info] but for now we'll just set up a default project.
[info] 
[info] i  If you want to create a project in a Google Cloud organization or folder, please use "firebase projects:create" instead, and return to this command when you've created the project. 
